






Started logging.

<<<
Content-Length: 3098

{"jsonrpc":"2.0","id":0,"method":"initialize","params":{"processId":389776,"clientInfo":{"name":"vscode","version":"1.50.0"},"rootPath":"/home/guy/Documents/git/Arduino/Window_button_controller","rootUri":"file:///home/guy/Documents/git/Arduino/Window_button_controller","capabilities":{"workspace":{"applyEdit":true,"workspaceEdit":{"documentChanges":true,"resourceOperations":["create","rename","delete"],"failureHandling":"textOnlyTransactional"},"didChangeConfiguration":{"dynamicRegistration":true},"didChangeWatchedFiles":{"dynamicRegistration":true},"symbol":{"dynamicRegistration":true,"symbolKind":{"valueSet":[1,2,3,4,5,6,7,8,9,10,11,12,13,14,15,16,17,18,19,20,21,22,23,24,25,26]}},"executeCommand":{"dynamicRegistration":true},"configuration":true,"workspaceFolders":true},"textDocument":{"publishDiagnostics":{"relatedInformation":true,"versionSupport":false,"tagSupport":{"valueSet":[1,2]}},"synchronization":{"dynamicRegistration":true,"willSave":true,"willSaveWaitUntil":true,"didSave":true},"completion":{"dynamicRegistration":true,"contextSupport":true,"completionItem":{"snippetSupport":true,"commitCharactersSupport":true,"documentationFormat":["markdown","plaintext"],"deprecatedSupport":true,"preselectSupport":true,"tagSupport":{"valueSet":[1]}},"completionItemKind":{"valueSet":[1,2,3,4,5,6,7,8,9,10,11,12,13,14,15,16,17,18,19,20,21,22,23,24,25]}},"hover":{"dynamicRegistration":true,"contentFormat":["markdown","plaintext"]},"signatureHelp":{"dynamicRegistration":true,"signatureInformation":{"documentationFormat":["markdown","plaintext"],"parameterInformation":{"labelOffsetSupport":true}},"contextSupport":true},"definition":{"dynamicRegistration":true,"linkSupport":true},"references":{"dynamicRegistration":true},"documentHighlight":{"dynamicRegistration":true},"documentSymbol":{"dynamicRegistration":true,"symbolKind":{"valueSet":[1,2,3,4,5,6,7,8,9,10,11,12,13,14,15,16,17,18,19,20,21,22,23,24,25,26]},"hierarchicalDocumentSymbolSupport":true},"codeAction":{"dynamicRegistration":true,"isPreferredSupport":true,"codeActionLiteralSupport":{"codeActionKind":{"valueSet":["","quickfix","refactor","refactor.extract","refactor.inline","refactor.rewrite","source","source.organizeImports"]}}},"codeLens":{"dynamicRegistration":true},"formatting":{"dynamicRegistration":true},"rangeFormatting":{"dynamicRegistration":true},"onTypeFormatting":{"dynamicRegistration":true},"rename":{"dynamicRegistration":true,"prepareSupport":true},"documentLink":{"dynamicRegistration":true,"tooltipSupport":true},"typeDefinition":{"dynamicRegistration":true,"linkSupport":true},"implementation":{"dynamicRegistration":true,"linkSupport":true},"colorProvider":{"dynamicRegistration":true},"foldingRange":{"dynamicRegistration":true,"rangeLimit":5000,"lineFoldingOnly":true},"declaration":{"dynamicRegistration":true,"linkSupport":true},"selectionRange":{"dynamicRegistration":true}},"window":{"workDoneProgress":true}},"initializationOptions":{},"trace":"off","workspaceFolders":[{"uri":"file:///home/guy/Documents/git/Arduino/Window_button_controller","name":"Window_button_controller"}]}}
>>>
Content-Length: 598

{"id":0,"result":{"capabilities":{"textDocumentSync":2,"hoverProvider":true,"completionProvider":{"triggerCharacters":[".","\u003e",":"]},"signatureHelpProvider":{"triggerCharacters":["(",","]},"definitionProvider":true,"documentHighlightProvider":true,"documentSymbolProvider":true,"workspaceSymbolProvider":true,"codeActionProvider":true,"documentFormattingProvider":true,"documentRangeFormattingProvider":true,"documentOnTypeFormattingProvider":{"firstTriggerCharacter":"\n"},"renameProvider":false,"executeCommandProvider":{"commands":["clangd.applyFix","clangd.applyTweak"]}}},"jsonrpc":"2.0"}
<<<
Content-Length: 52

{"jsonrpc":"2.0","method":"initialized","params":{}}Content-Length: 3586

{"jsonrpc":"2.0","method":"textDocument/didOpen","params":{"textDocument":{"uri":"file:///home/guy/Documents/git/Arduino/Window_button_controller/Window_button_controller.ino","languageId":"cpp","version":1,"text":"#include <buttonPresses.h>\n#include \"myIOT_settings.h\"\n\n#define BUT_PRESSED LOW\n#define LIGHT_ON HIGH\n\nbool blinkNow = false;\n\nuint8_t BUTPIN_UP = D1;\nuint8_t LIGHTPIN_UP = D2;\nuint8_t BUTPIN_DOWN = D3;\nuint8_t LIGHTPIN_DOWN = D4;\nuint8_t *outputPins[] = {&LIGHTPIN_UP, &LIGHTPIN_DOWN};\n\nbuttonPresses buttUP(BUTPIN_UP, 3);\nbuttonPresses buttDOWN(BUTPIN_DOWN, 3);\n\nvoid butcmds(uint8_t i)\n{\n        char *Topic = \"myHome/Windows\";\n\n        if (i == 1)\n        {\n                blink_lights(i, 2);\n                iot.pub_noTopic(\"up\", Topic);\n                iot.pub_msg(\"All-Windows: Set [Up]\");\n        }\n        else if (i == 2)\n        {\n                blink_lights(i, 2);\n                iot.pub_noTopic(\"down\", Topic);\n                iot.pub_msg(\"All-Windows: Set [DOWN]\");\n        }\n        else\n        {\n                blink_lights(1, 4);\n                blink_lights(2, 4);\n                iot.pub_noTopic(\"off\", Topic);\n                iot.pub_msg(\"All-Windows: Set [STOP]\");\n        }\n}\nvoid readButtons()\n{\n        /* 1 - short press\n           100 - long press\n           0 - button released\n        */\n\n        uint8_t upButton_readVal = buttUP.getValue();\n        uint8_t downButton_readVal = buttDOWN.getValue();\n\n        if (upButton_readVal == 100 || downButton_readVal == 100) /* long press UP or DOWN*/\n        {\n                butcmds(0); // Off\n        }\n        else if (upButton_readVal == 1)\n        {\n                butcmds(1); // UP\n        }\n        else if (downButton_readVal == 1)\n        {\n                butcmds(2); // Down\n        }\n}\nvoid steady_blink()\n{\n        static unsigned long lastAction = millis();\n        const int offTime = 1500;\n        const uint8_t onTime = 200;\n\n        if (millis() - lastAction <= offTime)\n        {\n                digitalWrite(LIGHTPIN_UP, !LIGHT_ON);\n                digitalWrite(LIGHTPIN_DOWN, !LIGHT_ON);\n        }\n        else if (millis() - lastAction > offTime && millis() - lastAction <= onTime + offTime)\n        {\n                digitalWrite(LIGHTPIN_UP, LIGHT_ON);\n                digitalWrite(LIGHTPIN_DOWN, !LIGHT_ON);\n        }\n        else if (millis() - lastAction > offTime + onTime && millis() - lastAction <= offTime + 2 * onTime)\n        {\n                digitalWrite(LIGHTPIN_UP, !LIGHT_ON);\n                digitalWrite(LIGHTPIN_DOWN, LIGHT_ON);\n        }\n        else\n        {\n                lastAction = millis();\n        }\n}\nvoid blink_lights(uint8_t i, uint8_t x)\n{\n        if (blinkNow)\n        {\n                const uint8_t DELAY = 100;\n                // for (int a = 0; a < x; a++)\n                // {\n                //         digitalWrite(*outputPins[i - 1], !LIGHT_ON);\n                //         digitalWrite(*outputPins[i - 1], LIGHT_ON);\n                //         delay(DELAY);\n                //         digitalWrite(*outputPins[i - 1], !LIGHT_ON);\n                //         delay(DELAY);\n                // }\n        }\n}\nvoid setup()\n{\n        buttDOWN.start();\n        buttUP.start();\n        pinMode(LIGHTPIN_UP, OUTPUT);\n        pinMode(LIGHTPIN_DOWN, OUTPUT);\n        startIOTservices();\n}\nvoid loop()\n{\n        iot.looper();\n        readButtons(); /* Delay is already here */\n        steady_blink();\n}"}}}Content-Length: 1302

{"jsonrpc":"2.0","method":"textDocument/didOpen","params":{"textDocument":{"uri":"file:///home/guy/Documents/git/Arduino/Window_button_controller/myIOT_settings.h","languageId":"cpp","version":1,"text":"#include <myIOT2.h>\nmyIOT2 iot;\n\n#define DEV_TOPIC \"AllWins\"\n#define GROUP_TOPIC \"Windows\"\n#define PREFIX_TOPIC \"myHome\"\n\nvoid addiotnalMQTT(char *incoming_msg)\n{\n    char msg[150];\n    if (strcmp(incoming_msg, \"status\") == 0)\n    {\n        sprintf(msg, \"I'm OK\");\n        iot.pub_msg(msg);\n    }\n    else if (strcmp(incoming_msg, \"ver2\") == 0)\n    {\n        sprintf(msg, \"ver #2: lib: [%s]\", iot.ver);\n        iot.pub_msg(msg);\n    }\n    else if (strcmp(incoming_msg, \"help2\") == 0)\n    {\n        sprintf(msg, \"Help2: none\");\n        iot.pub_msg(msg);\n    }\n}\nvoid startIOTservices()\n{\n    iot.useSerial = true;\n    iot.useWDT = true;\n    iot.useOTA = true;\n    iot.useResetKeeper = false;\n    iot.useextTopic = false;\n    iot.useDebug = true;\n    iot.debug_level = 1;\n    iot.useNetworkReset = true;\n    iot.noNetwork_reset = 10;\n    iot.useBootClockLog = true;\n    strcpy(iot.deviceTopic, DEV_TOPIC);\n    strcpy(iot.prefixTopic, PREFIX_TOPIC);\n    strcpy(iot.addGroupTopic, GROUP_TOPIC);\n\n    iot.start_services(addiotnalMQTT);\n}\n"}}}Content-Length: 291

{"jsonrpc":"2.0","id":1,"method":"textDocument/codeAction","params":{"textDocument":{"uri":"file:///home/guy/Documents/git/Arduino/Window_button_controller/Window_button_controller.ino"},"range":{"start":{"line":0,"character":0},"end":{"line":0,"character":0}},"context":{"diagnostics":[]}}}Content-Length: 279

{"jsonrpc":"2.0","id":2,"method":"textDocument/codeAction","params":{"textDocument":{"uri":"file:///home/guy/Documents/git/Arduino/Window_button_controller/myIOT_settings.h"},"range":{"start":{"line":0,"character":0},"end":{"line":0,"character":0}},"context":{"diagnostics":[]}}}
>>>
Content-Length: 111

{"method":"window/workDoneProgress/create","params":{"token":"backgroundIndexProgress"},"id":0,"jsonrpc":"2.0"}Content-Length: 798

{"method":"textDocument/publishDiagnostics","params":{"uri":"file:///home/guy/Documents/git/Arduino/Window_button_controller/Window_button_controller.ino","diagnostics":[{"range":{"start":{"line":1,"character":9},"end":{"line":1,"character":27}},"severity":1,"code":"redefinition_different_typedef","source":"clang","message":"In included file: typedef redefinition with different types ('int' vs '_ssize_t' (aka 'long'))\n\n/home/guy/.arduino15/packages/esp8266/hardware/esp8266/3.0.2/tools/sdk/lwip2/include/lwip/arch.h:202:13:\nnote: error occurred here\n\n/home/guy/.arduino15/packages/esp8266/tools/xtensa-lx106-elf-gcc/3.0.4-gcc10.3-1757bed/bin/../lib/gcc/xtensa-lx106-elf/10.3.0/../../../../xtensa-lx106-elf/include/sys/types.h:185:18:\nnote: previous definition is here"}]},"jsonrpc":"2.0"}Content-Length: 1593

{"method":"textDocument/publishDiagnostics","params":{"uri":"file:///home/guy/Documents/git/Arduino/Window_button_controller/myIOT_settings.h","diagnostics":[{"range":{"start":{"line":0,"character":0},"end":{"line":0,"character":0}},"severity":1,"code":"drv_unknown_argument_with_suggestion","source":"clang","message":"Unknown argument '-free'; did you mean '-fsee'?"},{"range":{"start":{"line":0,"character":0},"end":{"line":0,"character":0}},"severity":1,"code":"drv_unknown_argument","source":"clang","message":"Unknown argument: '-fipa-pta'"},{"range":{"start":{"line":0,"character":0},"end":{"line":0,"character":0}},"severity":1,"code":"drv_unknown_argument_with_suggestion","source":"clang","message":"Unknown argument '-mlongcalls'; did you mean '-mlong-calls'?"},{"range":{"start":{"line":0,"character":0},"end":{"line":0,"character":0}},"severity":1,"code":"drv_unknown_argument","source":"clang","message":"Unknown argument: '-mtext-section-literals'"},{"range":{"start":{"line":0,"character":9},"end":{"line":0,"character":10}},"severity":1,"code":"redefinition_different_typedef","source":"clang","message":"In included file: typedef redefinition with different types ('int' vs '_ssize_t' (aka 'long'))\n\n/home/guy/.arduino15/packages/esp8266/hardware/esp8266/3.0.2/tools/sdk/lwip2/include/lwip/arch.h:202:13:\nnote: error occurred here\n\n/home/guy/.arduino15/packages/esp8266/tools/xtensa-lx106-elf-gcc/3.0.4-gcc10.3-1757bed/bin/../lib/gcc/xtensa-lx106-elf/10.3.0/../../../../xtensa-lx106-elf/include/sys/types.h:185:18:\nnote: previous definition is here"}]},"jsonrpc":"2.0"}Content-Length: 36

{"id":1,"result":[],"jsonrpc":"2.0"}Content-Length: 36

{"id":2,"result":[],"jsonrpc":"2.0"}
<<<
Content-Length: 38

{"jsonrpc":"2.0","id":0,"result":null}
>>>
Content-Length: 143

{"method":"$/progress","params":{"token":"backgroundIndexProgress","value":{"title":"indexing","percentage":0,"kind":"begin"}},"jsonrpc":"2.0"}Content-Length: 159

{"method":"$/progress","params":{"token":"backgroundIndexProgress","value":{"message":"3/116","percentage":2.586206896551724,"kind":"report"}},"jsonrpc":"2.0"}
<<<
Content-Length: 291

{"jsonrpc":"2.0","id":3,"method":"textDocument/codeAction","params":{"textDocument":{"uri":"file:///home/guy/Documents/git/Arduino/Window_button_controller/Window_button_controller.ino"},"range":{"start":{"line":0,"character":0},"end":{"line":0,"character":0}},"context":{"diagnostics":[]}}}Content-Length: 1085

{"jsonrpc":"2.0","id":4,"method":"textDocument/codeAction","params":{"textDocument":{"uri":"file:///home/guy/Documents/git/Arduino/Window_button_controller/myIOT_settings.h"},"range":{"start":{"line":0,"character":0},"end":{"line":0,"character":0}},"context":{"diagnostics":[{"range":{"start":{"line":0,"character":0},"end":{"line":0,"character":0}},"message":"Unknown argument '-free'; did you mean '-fsee'?","severity":1,"code":"drv_unknown_argument_with_suggestion","source":"clang"},{"range":{"start":{"line":0,"character":0},"end":{"line":0,"character":0}},"message":"Unknown argument: '-fipa-pta'","severity":1,"code":"drv_unknown_argument","source":"clang"},{"range":{"start":{"line":0,"character":0},"end":{"line":0,"character":0}},"message":"Unknown argument '-mlongcalls'; did you mean '-mlong-calls'?","severity":1,"code":"drv_unknown_argument_with_suggestion","source":"clang"},{"range":{"start":{"line":0,"character":0},"end":{"line":0,"character":0}},"message":"Unknown argument: '-mtext-section-literals'","severity":1,"code":"drv_unknown_argument","source":"clang"}]}}}
>>>
Content-Length: 36

{"id":3,"result":[],"jsonrpc":"2.0"}Content-Length: 36

{"id":4,"result":[],"jsonrpc":"2.0"}Content-Length: 160

{"method":"$/progress","params":{"token":"backgroundIndexProgress","value":{"message":"4/116","percentage":3.4482758620689653,"kind":"report"}},"jsonrpc":"2.0"}Content-Length: 159

{"method":"$/progress","params":{"token":"backgroundIndexProgress","value":{"message":"5/116","percentage":4.310344827586207,"kind":"report"}},"jsonrpc":"2.0"}Content-Length: 159

{"method":"$/progress","params":{"token":"backgroundIndexProgress","value":{"message":"6/116","percentage":5.172413793103448,"kind":"report"}},"jsonrpc":"2.0"}Content-Length: 159

{"method":"$/progress","params":{"token":"backgroundIndexProgress","value":{"message":"6/116","percentage":5.172413793103448,"kind":"report"}},"jsonrpc":"2.0"}Content-Length: 160

{"method":"$/progress","params":{"token":"backgroundIndexProgress","value":{"message":"7/116","percentage":6.0344827586206895,"kind":"report"}},"jsonrpc":"2.0"}Content-Length: 160

{"method":"$/progress","params":{"token":"backgroundIndexProgress","value":{"message":"7/116","percentage":6.0344827586206895,"kind":"report"}},"jsonrpc":"2.0"}Content-Length: 159

{"method":"$/progress","params":{"token":"backgroundIndexProgress","value":{"message":"8/116","percentage":6.896551724137931,"kind":"report"}},"jsonrpc":"2.0"}Content-Length: 159

{"method":"$/progress","params":{"token":"backgroundIndexProgress","value":{"message":"9/116","percentage":7.758620689655173,"kind":"report"}},"jsonrpc":"2.0"}Content-Length: 159

{"method":"$/progress","params":{"token":"backgroundIndexProgress","value":{"message":"9/116","percentage":7.758620689655173,"kind":"report"}},"jsonrpc":"2.0"}Content-Length: 160

{"method":"$/progress","params":{"token":"backgroundIndexProgress","value":{"message":"10/116","percentage":8.620689655172415,"kind":"report"}},"jsonrpc":"2.0"}Content-Length: 160

{"method":"$/progress","params":{"token":"backgroundIndexProgress","value":{"message":"10/116","percentage":8.620689655172415,"kind":"report"}},"jsonrpc":"2.0"}Content-Length: 160

{"method":"$/progress","params":{"token":"backgroundIndexProgress","value":{"message":"11/116","percentage":9.482758620689655,"kind":"report"}},"jsonrpc":"2.0"}Content-Length: 160

{"method":"$/progress","params":{"token":"backgroundIndexProgress","value":{"message":"11/116","percentage":9.482758620689655,"kind":"report"}},"jsonrpc":"2.0"}Content-Length: 161

{"method":"$/progress","params":{"token":"backgroundIndexProgress","value":{"message":"12/116","percentage":10.344827586206897,"kind":"report"}},"jsonrpc":"2.0"}Content-Length: 161

{"method":"$/progress","params":{"token":"backgroundIndexProgress","value":{"message":"13/116","percentage":11.206896551724139,"kind":"report"}},"jsonrpc":"2.0"}Content-Length: 161

{"method":"$/progress","params":{"token":"backgroundIndexProgress","value":{"message":"14/116","percentage":12.068965517241379,"kind":"report"}},"jsonrpc":"2.0"}Content-Length: 161

{"method":"$/progress","params":{"token":"backgroundIndexProgress","value":{"message":"14/116","percentage":12.068965517241379,"kind":"report"}},"jsonrpc":"2.0"}Content-Length: 161

{"method":"$/progress","params":{"token":"backgroundIndexProgress","value":{"message":"15/116","percentage":12.931034482758621,"kind":"report"}},"jsonrpc":"2.0"}Content-Length: 161

{"method":"$/progress","params":{"token":"backgroundIndexProgress","value":{"message":"15/116","percentage":12.931034482758621,"kind":"report"}},"jsonrpc":"2.0"}Content-Length: 161

{"method":"$/progress","params":{"token":"backgroundIndexProgress","value":{"message":"16/116","percentage":13.793103448275861,"kind":"report"}},"jsonrpc":"2.0"}Content-Length: 161

{"method":"$/progress","params":{"token":"backgroundIndexProgress","value":{"message":"16/116","percentage":13.793103448275861,"kind":"report"}},"jsonrpc":"2.0"}Content-Length: 161

{"method":"$/progress","params":{"token":"backgroundIndexProgress","value":{"message":"17/116","percentage":14.655172413793103,"kind":"report"}},"jsonrpc":"2.0"}Content-Length: 161

{"method":"$/progress","params":{"token":"backgroundIndexProgress","value":{"message":"17/116","percentage":14.655172413793103,"kind":"report"}},"jsonrpc":"2.0"}Content-Length: 161

{"method":"$/progress","params":{"token":"backgroundIndexProgress","value":{"message":"18/116","percentage":15.517241379310345,"kind":"report"}},"jsonrpc":"2.0"}Content-Length: 161

{"method":"$/progress","params":{"token":"backgroundIndexProgress","value":{"message":"18/116","percentage":15.517241379310345,"kind":"report"}},"jsonrpc":"2.0"}Content-Length: 161

{"method":"$/progress","params":{"token":"backgroundIndexProgress","value":{"message":"19/116","percentage":16.379310344827587,"kind":"report"}},"jsonrpc":"2.0"}Content-Length: 161

{"method":"$/progress","params":{"token":"backgroundIndexProgress","value":{"message":"19/116","percentage":16.379310344827587,"kind":"report"}},"jsonrpc":"2.0"}Content-Length: 160

{"method":"$/progress","params":{"token":"backgroundIndexProgress","value":{"message":"20/116","percentage":17.24137931034483,"kind":"report"}},"jsonrpc":"2.0"}Content-Length: 161

{"method":"$/progress","params":{"token":"backgroundIndexProgress","value":{"message":"21/116","percentage":18.103448275862068,"kind":"report"}},"jsonrpc":"2.0"}Content-Length: 160

{"method":"$/progress","params":{"token":"backgroundIndexProgress","value":{"message":"22/116","percentage":18.96551724137931,"kind":"report"}},"jsonrpc":"2.0"}Content-Length: 160

{"method":"$/progress","params":{"token":"backgroundIndexProgress","value":{"message":"22/116","percentage":18.96551724137931,"kind":"report"}},"jsonrpc":"2.0"}Content-Length: 160

{"method":"$/progress","params":{"token":"backgroundIndexProgress","value":{"message":"23/116","percentage":19.82758620689655,"kind":"report"}},"jsonrpc":"2.0"}Content-Length: 161

{"method":"$/progress","params":{"token":"backgroundIndexProgress","value":{"message":"24/116","percentage":20.689655172413794,"kind":"report"}},"jsonrpc":"2.0"}Content-Length: 161

{"method":"$/progress","params":{"token":"backgroundIndexProgress","value":{"message":"24/116","percentage":20.689655172413794,"kind":"report"}},"jsonrpc":"2.0"}Content-Length: 161

{"method":"$/progress","params":{"token":"backgroundIndexProgress","value":{"message":"25/116","percentage":21.551724137931036,"kind":"report"}},"jsonrpc":"2.0"}Content-Length: 161

{"method":"$/progress","params":{"token":"backgroundIndexProgress","value":{"message":"25/116","percentage":21.551724137931036,"kind":"report"}},"jsonrpc":"2.0"}Content-Length: 161

{"method":"$/progress","params":{"token":"backgroundIndexProgress","value":{"message":"26/116","percentage":22.413793103448278,"kind":"report"}},"jsonrpc":"2.0"}Content-Length: 161

{"method":"$/progress","params":{"token":"backgroundIndexProgress","value":{"message":"26/116","percentage":22.413793103448278,"kind":"report"}},"jsonrpc":"2.0"}Content-Length: 161

{"method":"$/progress","params":{"token":"backgroundIndexProgress","value":{"message":"27/116","percentage":23.275862068965516,"kind":"report"}},"jsonrpc":"2.0"}Content-Length: 161

{"method":"$/progress","params":{"token":"backgroundIndexProgress","value":{"message":"27/116","percentage":23.275862068965516,"kind":"report"}},"jsonrpc":"2.0"}Content-Length: 161

{"method":"$/progress","params":{"token":"backgroundIndexProgress","value":{"message":"28/116","percentage":24.137931034482758,"kind":"report"}},"jsonrpc":"2.0"}Content-Length: 161

{"method":"$/progress","params":{"token":"backgroundIndexProgress","value":{"message":"28/116","percentage":24.137931034482758,"kind":"report"}},"jsonrpc":"2.0"}Content-Length: 145

{"method":"$/progress","params":{"token":"backgroundIndexProgress","value":{"message":"29/116","percentage":25,"kind":"report"}},"jsonrpc":"2.0"}Content-Length: 161

{"method":"$/progress","params":{"token":"backgroundIndexProgress","value":{"message":"30/116","percentage":25.862068965517242,"kind":"report"}},"jsonrpc":"2.0"}Content-Length: 161

{"method":"$/progress","params":{"token":"backgroundIndexProgress","value":{"message":"31/116","percentage":26.724137931034484,"kind":"report"}},"jsonrpc":"2.0"}Content-Length: 161

{"method":"$/progress","params":{"token":"backgroundIndexProgress","value":{"message":"32/116","percentage":27.586206896551722,"kind":"report"}},"jsonrpc":"2.0"}Content-Length: 161

{"method":"$/progress","params":{"token":"backgroundIndexProgress","value":{"message":"32/116","percentage":27.586206896551722,"kind":"report"}},"jsonrpc":"2.0"}Content-Length: 161

{"method":"$/progress","params":{"token":"backgroundIndexProgress","value":{"message":"33/116","percentage":28.448275862068964,"kind":"report"}},"jsonrpc":"2.0"}Content-Length: 161

{"method":"$/progress","params":{"token":"backgroundIndexProgress","value":{"message":"33/116","percentage":28.448275862068964,"kind":"report"}},"jsonrpc":"2.0"}Content-Length: 161

{"method":"$/progress","params":{"token":"backgroundIndexProgress","value":{"message":"34/116","percentage":29.310344827586206,"kind":"report"}},"jsonrpc":"2.0"}Content-Length: 160

{"method":"$/progress","params":{"token":"backgroundIndexProgress","value":{"message":"35/116","percentage":30.17241379310345,"kind":"report"}},"jsonrpc":"2.0"}Content-Length: 160

{"method":"$/progress","params":{"token":"backgroundIndexProgress","value":{"message":"35/116","percentage":30.17241379310345,"kind":"report"}},"jsonrpc":"2.0"}Content-Length: 160

{"method":"$/progress","params":{"token":"backgroundIndexProgress","value":{"message":"36/116","percentage":31.03448275862069,"kind":"report"}},"jsonrpc":"2.0"}Content-Length: 160

{"method":"$/progress","params":{"token":"backgroundIndexProgress","value":{"message":"36/116","percentage":31.03448275862069,"kind":"report"}},"jsonrpc":"2.0"}Content-Length: 161

{"method":"$/progress","params":{"token":"backgroundIndexProgress","value":{"message":"37/116","percentage":31.896551724137932,"kind":"report"}},"jsonrpc":"2.0"}Content-Length: 161

{"method":"$/progress","params":{"token":"backgroundIndexProgress","value":{"message":"37/116","percentage":31.896551724137932,"kind":"report"}},"jsonrpc":"2.0"}Content-Length: 161

{"method":"$/progress","params":{"token":"backgroundIndexProgress","value":{"message":"38/116","percentage":32.758620689655174,"kind":"report"}},"jsonrpc":"2.0"}Content-Length: 161

{"method":"$/progress","params":{"token":"backgroundIndexProgress","value":{"message":"38/116","percentage":32.758620689655174,"kind":"report"}},"jsonrpc":"2.0"}Content-Length: 160

{"method":"$/progress","params":{"token":"backgroundIndexProgress","value":{"message":"39/116","percentage":33.62068965517241,"kind":"report"}},"jsonrpc":"2.0"}Content-Length: 160

{"method":"$/progress","params":{"token":"backgroundIndexProgress","value":{"message":"39/116","percentage":33.62068965517241,"kind":"report"}},"jsonrpc":"2.0"}Content-Length: 160

{"method":"$/progress","params":{"token":"backgroundIndexProgress","value":{"message":"40/116","percentage":34.48275862068966,"kind":"report"}},"jsonrpc":"2.0"}Content-Length: 160

{"method":"$/progress","params":{"token":"backgroundIndexProgress","value":{"message":"40/116","percentage":34.48275862068966,"kind":"report"}},"jsonrpc":"2.0"}Content-Length: 159

{"method":"$/progress","params":{"token":"backgroundIndexProgress","value":{"message":"41/116","percentage":35.3448275862069,"kind":"report"}},"jsonrpc":"2.0"}Content-Length: 159

{"method":"$/progress","params":{"token":"backgroundIndexProgress","value":{"message":"41/116","percentage":35.3448275862069,"kind":"report"}},"jsonrpc":"2.0"}Content-Length: 161

{"method":"$/progress","params":{"token":"backgroundIndexProgress","value":{"message":"42/116","percentage":36.206896551724135,"kind":"report"}},"jsonrpc":"2.0"}Content-Length: 161

{"method":"$/progress","params":{"token":"backgroundIndexProgress","value":{"message":"42/116","percentage":36.206896551724135,"kind":"report"}},"jsonrpc":"2.0"}Content-Length: 160

{"method":"$/progress","params":{"token":"backgroundIndexProgress","value":{"message":"43/116","percentage":37.06896551724138,"kind":"report"}},"jsonrpc":"2.0"}Content-Length: 160

{"method":"$/progress","params":{"token":"backgroundIndexProgress","value":{"message":"43/116","percentage":37.06896551724138,"kind":"report"}},"jsonrpc":"2.0"}Content-Length: 160

{"method":"$/progress","params":{"token":"backgroundIndexProgress","value":{"message":"44/116","percentage":37.93103448275862,"kind":"report"}},"jsonrpc":"2.0"}Content-Length: 160

{"method":"$/progress","params":{"token":"backgroundIndexProgress","value":{"message":"44/116","percentage":37.93103448275862,"kind":"report"}},"jsonrpc":"2.0"}Content-Length: 161

{"method":"$/progress","params":{"token":"backgroundIndexProgress","value":{"message":"45/116","percentage":38.793103448275865,"kind":"report"}},"jsonrpc":"2.0"}Content-Length: 161

{"method":"$/progress","params":{"token":"backgroundIndexProgress","value":{"message":"45/116","percentage":38.793103448275865,"kind":"report"}},"jsonrpc":"2.0"}Content-Length: 159

{"method":"$/progress","params":{"token":"backgroundIndexProgress","value":{"message":"46/116","percentage":39.6551724137931,"kind":"report"}},"jsonrpc":"2.0"}Content-Length: 159

{"method":"$/progress","params":{"token":"backgroundIndexProgress","value":{"message":"46/116","percentage":39.6551724137931,"kind":"report"}},"jsonrpc":"2.0"}Content-Length: 160

{"method":"$/progress","params":{"token":"backgroundIndexProgress","value":{"message":"47/116","percentage":40.51724137931034,"kind":"report"}},"jsonrpc":"2.0"}Content-Length: 160

{"method":"$/progress","params":{"token":"backgroundIndexProgress","value":{"message":"48/116","percentage":41.37931034482759,"kind":"report"}},"jsonrpc":"2.0"}Content-Length: 160

{"method":"$/progress","params":{"token":"backgroundIndexProgress","value":{"message":"48/116","percentage":41.37931034482759,"kind":"report"}},"jsonrpc":"2.0"}Content-Length: 161

{"method":"$/progress","params":{"token":"backgroundIndexProgress","value":{"message":"49/116","percentage":42.241379310344826,"kind":"report"}},"jsonrpc":"2.0"}Content-Length: 161

{"method":"$/progress","params":{"token":"backgroundIndexProgress","value":{"message":"49/116","percentage":42.241379310344826,"kind":"report"}},"jsonrpc":"2.0"}Content-Length: 160

{"method":"$/progress","params":{"token":"backgroundIndexProgress","value":{"message":"50/116","percentage":43.10344827586207,"kind":"report"}},"jsonrpc":"2.0"}Content-Length: 160

{"method":"$/progress","params":{"token":"backgroundIndexProgress","value":{"message":"51/116","percentage":43.96551724137931,"kind":"report"}},"jsonrpc":"2.0"}Content-Length: 160

{"method":"$/progress","params":{"token":"backgroundIndexProgress","value":{"message":"51/116","percentage":43.96551724137931,"kind":"report"}},"jsonrpc":"2.0"}Content-Length: 161

{"method":"$/progress","params":{"token":"backgroundIndexProgress","value":{"message":"52/116","percentage":44.827586206896555,"kind":"report"}},"jsonrpc":"2.0"}Content-Length: 161

{"method":"$/progress","params":{"token":"backgroundIndexProgress","value":{"message":"53/116","percentage":45.689655172413794,"kind":"report"}},"jsonrpc":"2.0"}Content-Length: 161

{"method":"$/progress","params":{"token":"backgroundIndexProgress","value":{"message":"53/116","percentage":45.689655172413794,"kind":"report"}},"jsonrpc":"2.0"}Content-Length: 160

{"method":"$/progress","params":{"token":"backgroundIndexProgress","value":{"message":"54/116","percentage":46.55172413793103,"kind":"report"}},"jsonrpc":"2.0"}Content-Length: 160

{"method":"$/progress","params":{"token":"backgroundIndexProgress","value":{"message":"54/116","percentage":46.55172413793103,"kind":"report"}},"jsonrpc":"2.0"}Content-Length: 160

{"method":"$/progress","params":{"token":"backgroundIndexProgress","value":{"message":"55/116","percentage":47.41379310344828,"kind":"report"}},"jsonrpc":"2.0"}Content-Length: 160

{"method":"$/progress","params":{"token":"backgroundIndexProgress","value":{"message":"55/116","percentage":47.41379310344828,"kind":"report"}},"jsonrpc":"2.0"}Content-Length: 161

{"method":"$/progress","params":{"token":"backgroundIndexProgress","value":{"message":"56/116","percentage":48.275862068965516,"kind":"report"}},"jsonrpc":"2.0"}Content-Length: 160

{"method":"$/progress","params":{"token":"backgroundIndexProgress","value":{"message":"57/116","percentage":49.13793103448276,"kind":"report"}},"jsonrpc":"2.0"}Content-Length: 160

{"method":"$/progress","params":{"token":"backgroundIndexProgress","value":{"message":"57/116","percentage":49.13793103448276,"kind":"report"}},"jsonrpc":"2.0"}Content-Length: 145

{"method":"$/progress","params":{"token":"backgroundIndexProgress","value":{"message":"58/116","percentage":50,"kind":"report"}},"jsonrpc":"2.0"}Content-Length: 160

{"method":"$/progress","params":{"token":"backgroundIndexProgress","value":{"message":"59/116","percentage":50.86206896551724,"kind":"report"}},"jsonrpc":"2.0"}Content-Length: 161

{"method":"$/progress","params":{"token":"backgroundIndexProgress","value":{"message":"60/116","percentage":51.724137931034484,"kind":"report"}},"jsonrpc":"2.0"}Content-Length: 161

{"method":"$/progress","params":{"token":"backgroundIndexProgress","value":{"message":"60/116","percentage":51.724137931034484,"kind":"report"}},"jsonrpc":"2.0"}Content-Length: 160

{"method":"$/progress","params":{"token":"backgroundIndexProgress","value":{"message":"61/116","percentage":52.58620689655172,"kind":"report"}},"jsonrpc":"2.0"}Content-Length: 160

{"method":"$/progress","params":{"token":"backgroundIndexProgress","value":{"message":"61/116","percentage":52.58620689655172,"kind":"report"}},"jsonrpc":"2.0"}Content-Length: 160

{"method":"$/progress","params":{"token":"backgroundIndexProgress","value":{"message":"62/116","percentage":53.44827586206897,"kind":"report"}},"jsonrpc":"2.0"}Content-Length: 161

{"method":"$/progress","params":{"token":"backgroundIndexProgress","value":{"message":"63/116","percentage":54.310344827586206,"kind":"report"}},"jsonrpc":"2.0"}Content-Length: 161

{"method":"$/progress","params":{"token":"backgroundIndexProgress","value":{"message":"63/116","percentage":54.310344827586206,"kind":"report"}},"jsonrpc":"2.0"}Content-Length: 161

{"method":"$/progress","params":{"token":"backgroundIndexProgress","value":{"message":"64/116","percentage":55.172413793103445,"kind":"report"}},"jsonrpc":"2.0"}Content-Length: 161

{"method":"$/progress","params":{"token":"backgroundIndexProgress","value":{"message":"64/116","percentage":55.172413793103445,"kind":"report"}},"jsonrpc":"2.0"}Content-Length: 160

{"method":"$/progress","params":{"token":"backgroundIndexProgress","value":{"message":"65/116","percentage":56.03448275862069,"kind":"report"}},"jsonrpc":"2.0"}Content-Length: 160

{"method":"$/progress","params":{"token":"backgroundIndexProgress","value":{"message":"65/116","percentage":56.03448275862069,"kind":"report"}},"jsonrpc":"2.0"}Content-Length: 160

{"method":"$/progress","params":{"token":"backgroundIndexProgress","value":{"message":"66/116","percentage":56.89655172413793,"kind":"report"}},"jsonrpc":"2.0"}Content-Length: 160

{"method":"$/progress","params":{"token":"backgroundIndexProgress","value":{"message":"66/116","percentage":56.89655172413793,"kind":"report"}},"jsonrpc":"2.0"}Content-Length: 161

{"method":"$/progress","params":{"token":"backgroundIndexProgress","value":{"message":"67/116","percentage":57.758620689655174,"kind":"report"}},"jsonrpc":"2.0"}Content-Length: 161

{"method":"$/progress","params":{"token":"backgroundIndexProgress","value":{"message":"67/116","percentage":57.758620689655174,"kind":"report"}},"jsonrpc":"2.0"}Content-Length: 160

{"method":"$/progress","params":{"token":"backgroundIndexProgress","value":{"message":"68/116","percentage":58.62068965517241,"kind":"report"}},"jsonrpc":"2.0"}Content-Length: 160

{"method":"$/progress","params":{"token":"backgroundIndexProgress","value":{"message":"68/116","percentage":58.62068965517241,"kind":"report"}},"jsonrpc":"2.0"}Content-Length: 160

{"method":"$/progress","params":{"token":"backgroundIndexProgress","value":{"message":"69/116","percentage":59.48275862068966,"kind":"report"}},"jsonrpc":"2.0"}Content-Length: 159

{"method":"$/progress","params":{"token":"backgroundIndexProgress","value":{"message":"70/116","percentage":60.3448275862069,"kind":"report"}},"jsonrpc":"2.0"}Content-Length: 159

{"method":"$/progress","params":{"token":"backgroundIndexProgress","value":{"message":"70/116","percentage":60.3448275862069,"kind":"report"}},"jsonrpc":"2.0"}Content-Length: 161

{"method":"$/progress","params":{"token":"backgroundIndexProgress","value":{"message":"71/116","percentage":61.206896551724135,"kind":"report"}},"jsonrpc":"2.0"}Content-Length: 161

{"method":"$/progress","params":{"token":"backgroundIndexProgress","value":{"message":"71/116","percentage":61.206896551724135,"kind":"report"}},"jsonrpc":"2.0"}Content-Length: 160

{"method":"$/progress","params":{"token":"backgroundIndexProgress","value":{"message":"72/116","percentage":62.06896551724138,"kind":"report"}},"jsonrpc":"2.0"}Content-Length: 160

{"method":"$/progress","params":{"token":"backgroundIndexProgress","value":{"message":"72/116","percentage":62.06896551724138,"kind":"report"}},"jsonrpc":"2.0"}Content-Length: 160

{"method":"$/progress","params":{"token":"backgroundIndexProgress","value":{"message":"73/116","percentage":62.93103448275862,"kind":"report"}},"jsonrpc":"2.0"}Content-Length: 161

{"method":"$/progress","params":{"token":"backgroundIndexProgress","value":{"message":"74/116","percentage":63.793103448275865,"kind":"report"}},"jsonrpc":"2.0"}Content-Length: 161

{"method":"$/progress","params":{"token":"backgroundIndexProgress","value":{"message":"74/116","percentage":63.793103448275865,"kind":"report"}},"jsonrpc":"2.0"}Content-Length: 160

{"method":"$/progress","params":{"token":"backgroundIndexProgress","value":{"message":"75/116","percentage":64.65517241379311,"kind":"report"}},"jsonrpc":"2.0"}Content-Length: 160

{"method":"$/progress","params":{"token":"backgroundIndexProgress","value":{"message":"75/116","percentage":64.65517241379311,"kind":"report"}},"jsonrpc":"2.0"}Content-Length: 160

{"method":"$/progress","params":{"token":"backgroundIndexProgress","value":{"message":"76/116","percentage":65.51724137931035,"kind":"report"}},"jsonrpc":"2.0"}Content-Length: 160

{"method":"$/progress","params":{"token":"backgroundIndexProgress","value":{"message":"77/116","percentage":66.37931034482759,"kind":"report"}},"jsonrpc":"2.0"}Content-Length: 160

{"method":"$/progress","params":{"token":"backgroundIndexProgress","value":{"message":"77/116","percentage":66.37931034482759,"kind":"report"}},"jsonrpc":"2.0"}Content-Length: 160

{"method":"$/progress","params":{"token":"backgroundIndexProgress","value":{"message":"78/116","percentage":67.24137931034483,"kind":"report"}},"jsonrpc":"2.0"}Content-Length: 160

{"method":"$/progress","params":{"token":"backgroundIndexProgress","value":{"message":"78/116","percentage":67.24137931034483,"kind":"report"}},"jsonrpc":"2.0"}Content-Length: 160

{"method":"$/progress","params":{"token":"backgroundIndexProgress","value":{"message":"79/116","percentage":68.10344827586206,"kind":"report"}},"jsonrpc":"2.0"}Content-Length: 160

{"method":"$/progress","params":{"token":"backgroundIndexProgress","value":{"message":"79/116","percentage":68.10344827586206,"kind":"report"}},"jsonrpc":"2.0"}Content-Length: 160

{"method":"$/progress","params":{"token":"backgroundIndexProgress","value":{"message":"80/116","percentage":68.96551724137932,"kind":"report"}},"jsonrpc":"2.0"}Content-Length: 160

{"method":"$/progress","params":{"token":"backgroundIndexProgress","value":{"message":"80/116","percentage":68.96551724137932,"kind":"report"}},"jsonrpc":"2.0"}Content-Length: 160

{"method":"$/progress","params":{"token":"backgroundIndexProgress","value":{"message":"81/116","percentage":69.82758620689656,"kind":"report"}},"jsonrpc":"2.0"}Content-Length: 160

{"method":"$/progress","params":{"token":"backgroundIndexProgress","value":{"message":"81/116","percentage":69.82758620689656,"kind":"report"}},"jsonrpc":"2.0"}Content-Length: 159

{"method":"$/progress","params":{"token":"backgroundIndexProgress","value":{"message":"82/116","percentage":70.6896551724138,"kind":"report"}},"jsonrpc":"2.0"}Content-Length: 159

{"method":"$/progress","params":{"token":"backgroundIndexProgress","value":{"message":"82/116","percentage":70.6896551724138,"kind":"report"}},"jsonrpc":"2.0"}Content-Length: 160

{"method":"$/progress","params":{"token":"backgroundIndexProgress","value":{"message":"83/116","percentage":71.55172413793103,"kind":"report"}},"jsonrpc":"2.0"}Content-Length: 160

{"method":"$/progress","params":{"token":"backgroundIndexProgress","value":{"message":"83/116","percentage":71.55172413793103,"kind":"report"}},"jsonrpc":"2.0"}Content-Length: 160

{"method":"$/progress","params":{"token":"backgroundIndexProgress","value":{"message":"84/116","percentage":72.41379310344827,"kind":"report"}},"jsonrpc":"2.0"}Content-Length: 160

{"method":"$/progress","params":{"token":"backgroundIndexProgress","value":{"message":"85/116","percentage":73.27586206896552,"kind":"report"}},"jsonrpc":"2.0"}Content-Length: 160

{"method":"$/progress","params":{"token":"backgroundIndexProgress","value":{"message":"85/116","percentage":73.27586206896552,"kind":"report"}},"jsonrpc":"2.0"}Content-Length: 160

{"method":"$/progress","params":{"token":"backgroundIndexProgress","value":{"message":"86/116","percentage":74.13793103448276,"kind":"report"}},"jsonrpc":"2.0"}Content-Length: 160

{"method":"$/progress","params":{"token":"backgroundIndexProgress","value":{"message":"86/116","percentage":74.13793103448276,"kind":"report"}},"jsonrpc":"2.0"}Content-Length: 145

{"method":"$/progress","params":{"token":"backgroundIndexProgress","value":{"message":"87/116","percentage":75,"kind":"report"}},"jsonrpc":"2.0"}Content-Length: 145

{"method":"$/progress","params":{"token":"backgroundIndexProgress","value":{"message":"87/116","percentage":75,"kind":"report"}},"jsonrpc":"2.0"}Content-Length: 160

{"method":"$/progress","params":{"token":"backgroundIndexProgress","value":{"message":"88/116","percentage":75.86206896551724,"kind":"report"}},"jsonrpc":"2.0"}Content-Length: 160

{"method":"$/progress","params":{"token":"backgroundIndexProgress","value":{"message":"89/116","percentage":76.72413793103448,"kind":"report"}},"jsonrpc":"2.0"}Content-Length: 160

{"method":"$/progress","params":{"token":"backgroundIndexProgress","value":{"message":"90/116","percentage":77.58620689655173,"kind":"report"}},"jsonrpc":"2.0"}Content-Length: 160

{"method":"$/progress","params":{"token":"backgroundIndexProgress","value":{"message":"90/116","percentage":77.58620689655173,"kind":"report"}},"jsonrpc":"2.0"}Content-Length: 160

{"method":"$/progress","params":{"token":"backgroundIndexProgress","value":{"message":"91/116","percentage":78.44827586206897,"kind":"report"}},"jsonrpc":"2.0"}Content-Length: 160

{"method":"$/progress","params":{"token":"backgroundIndexProgress","value":{"message":"91/116","percentage":78.44827586206897,"kind":"report"}},"jsonrpc":"2.0"}Content-Length: 159

{"method":"$/progress","params":{"token":"backgroundIndexProgress","value":{"message":"92/116","percentage":79.3103448275862,"kind":"report"}},"jsonrpc":"2.0"}Content-Length: 160

{"method":"$/progress","params":{"token":"backgroundIndexProgress","value":{"message":"93/116","percentage":80.17241379310344,"kind":"report"}},"jsonrpc":"2.0"}Content-Length: 160

{"method":"$/progress","params":{"token":"backgroundIndexProgress","value":{"message":"93/116","percentage":80.17241379310344,"kind":"report"}},"jsonrpc":"2.0"}Content-Length: 160

{"method":"$/progress","params":{"token":"backgroundIndexProgress","value":{"message":"94/116","percentage":81.03448275862068,"kind":"report"}},"jsonrpc":"2.0"}Content-Length: 160

{"method":"$/progress","params":{"token":"backgroundIndexProgress","value":{"message":"94/116","percentage":81.03448275862068,"kind":"report"}},"jsonrpc":"2.0"}Content-Length: 160

{"method":"$/progress","params":{"token":"backgroundIndexProgress","value":{"message":"95/116","percentage":81.89655172413794,"kind":"report"}},"jsonrpc":"2.0"}Content-Length: 160

{"method":"$/progress","params":{"token":"backgroundIndexProgress","value":{"message":"95/116","percentage":81.89655172413794,"kind":"report"}},"jsonrpc":"2.0"}Content-Length: 160

{"method":"$/progress","params":{"token":"backgroundIndexProgress","value":{"message":"96/116","percentage":82.75862068965517,"kind":"report"}},"jsonrpc":"2.0"}Content-Length: 160

{"method":"$/progress","params":{"token":"backgroundIndexProgress","value":{"message":"96/116","percentage":82.75862068965517,"kind":"report"}},"jsonrpc":"2.0"}Content-Length: 160

{"method":"$/progress","params":{"token":"backgroundIndexProgress","value":{"message":"97/116","percentage":83.62068965517241,"kind":"report"}},"jsonrpc":"2.0"}Content-Length: 160

{"method":"$/progress","params":{"token":"backgroundIndexProgress","value":{"message":"97/116","percentage":83.62068965517241,"kind":"report"}},"jsonrpc":"2.0"}Content-Length: 160

{"method":"$/progress","params":{"token":"backgroundIndexProgress","value":{"message":"98/116","percentage":84.48275862068965,"kind":"report"}},"jsonrpc":"2.0"}Content-Length: 160

{"method":"$/progress","params":{"token":"backgroundIndexProgress","value":{"message":"98/116","percentage":84.48275862068965,"kind":"report"}},"jsonrpc":"2.0"}Content-Length: 160

{"method":"$/progress","params":{"token":"backgroundIndexProgress","value":{"message":"99/116","percentage":85.34482758620689,"kind":"report"}},"jsonrpc":"2.0"}Content-Length: 160

{"method":"$/progress","params":{"token":"backgroundIndexProgress","value":{"message":"99/116","percentage":85.34482758620689,"kind":"report"}},"jsonrpc":"2.0"}Content-Length: 161

{"method":"$/progress","params":{"token":"backgroundIndexProgress","value":{"message":"100/116","percentage":86.20689655172414,"kind":"report"}},"jsonrpc":"2.0"}Content-Length: 161

{"method":"$/progress","params":{"token":"backgroundIndexProgress","value":{"message":"100/116","percentage":86.20689655172414,"kind":"report"}},"jsonrpc":"2.0"}Content-Length: 161

{"method":"$/progress","params":{"token":"backgroundIndexProgress","value":{"message":"101/116","percentage":87.06896551724138,"kind":"report"}},"jsonrpc":"2.0"}Content-Length: 161

{"method":"$/progress","params":{"token":"backgroundIndexProgress","value":{"message":"101/116","percentage":87.06896551724138,"kind":"report"}},"jsonrpc":"2.0"}Content-Length: 161

{"method":"$/progress","params":{"token":"backgroundIndexProgress","value":{"message":"102/116","percentage":87.93103448275862,"kind":"report"}},"jsonrpc":"2.0"}Content-Length: 161

{"method":"$/progress","params":{"token":"backgroundIndexProgress","value":{"message":"103/116","percentage":88.79310344827586,"kind":"report"}},"jsonrpc":"2.0"}Content-Length: 161

{"method":"$/progress","params":{"token":"backgroundIndexProgress","value":{"message":"103/116","percentage":88.79310344827586,"kind":"report"}},"jsonrpc":"2.0"}Content-Length: 161

{"method":"$/progress","params":{"token":"backgroundIndexProgress","value":{"message":"104/116","percentage":89.65517241379311,"kind":"report"}},"jsonrpc":"2.0"}Content-Length: 161

{"method":"$/progress","params":{"token":"backgroundIndexProgress","value":{"message":"104/116","percentage":89.65517241379311,"kind":"report"}},"jsonrpc":"2.0"}Content-Length: 161

{"method":"$/progress","params":{"token":"backgroundIndexProgress","value":{"message":"105/116","percentage":90.51724137931035,"kind":"report"}},"jsonrpc":"2.0"}Content-Length: 161

{"method":"$/progress","params":{"token":"backgroundIndexProgress","value":{"message":"105/116","percentage":90.51724137931035,"kind":"report"}},"jsonrpc":"2.0"}Content-Length: 161

{"method":"$/progress","params":{"token":"backgroundIndexProgress","value":{"message":"106/116","percentage":91.37931034482759,"kind":"report"}},"jsonrpc":"2.0"}Content-Length: 161

{"method":"$/progress","params":{"token":"backgroundIndexProgress","value":{"message":"106/116","percentage":91.37931034482759,"kind":"report"}},"jsonrpc":"2.0"}Content-Length: 161

{"method":"$/progress","params":{"token":"backgroundIndexProgress","value":{"message":"107/116","percentage":92.24137931034483,"kind":"report"}},"jsonrpc":"2.0"}Content-Length: 161

{"method":"$/progress","params":{"token":"backgroundIndexProgress","value":{"message":"107/116","percentage":92.24137931034483,"kind":"report"}},"jsonrpc":"2.0"}Content-Length: 161

{"method":"$/progress","params":{"token":"backgroundIndexProgress","value":{"message":"108/116","percentage":93.10344827586206,"kind":"report"}},"jsonrpc":"2.0"}Content-Length: 161

{"method":"$/progress","params":{"token":"backgroundIndexProgress","value":{"message":"109/116","percentage":93.96551724137932,"kind":"report"}},"jsonrpc":"2.0"}Content-Length: 161

{"method":"$/progress","params":{"token":"backgroundIndexProgress","value":{"message":"109/116","percentage":93.96551724137932,"kind":"report"}},"jsonrpc":"2.0"}Content-Length: 161

{"method":"$/progress","params":{"token":"backgroundIndexProgress","value":{"message":"110/116","percentage":94.82758620689656,"kind":"report"}},"jsonrpc":"2.0"}Content-Length: 161

{"method":"$/progress","params":{"token":"backgroundIndexProgress","value":{"message":"110/116","percentage":94.82758620689656,"kind":"report"}},"jsonrpc":"2.0"}Content-Length: 160

{"method":"$/progress","params":{"token":"backgroundIndexProgress","value":{"message":"111/116","percentage":95.6896551724138,"kind":"report"}},"jsonrpc":"2.0"}Content-Length: 160

{"method":"$/progress","params":{"token":"backgroundIndexProgress","value":{"message":"111/116","percentage":95.6896551724138,"kind":"report"}},"jsonrpc":"2.0"}Content-Length: 161

{"method":"$/progress","params":{"token":"backgroundIndexProgress","value":{"message":"112/116","percentage":96.55172413793103,"kind":"report"}},"jsonrpc":"2.0"}Content-Length: 161

{"method":"$/progress","params":{"token":"backgroundIndexProgress","value":{"message":"112/116","percentage":96.55172413793103,"kind":"report"}},"jsonrpc":"2.0"}Content-Length: 161

{"method":"$/progress","params":{"token":"backgroundIndexProgress","value":{"message":"113/116","percentage":97.41379310344827,"kind":"report"}},"jsonrpc":"2.0"}Content-Length: 161

{"method":"$/progress","params":{"token":"backgroundIndexProgress","value":{"message":"114/116","percentage":98.27586206896552,"kind":"report"}},"jsonrpc":"2.0"}Content-Length: 161

{"method":"$/progress","params":{"token":"backgroundIndexProgress","value":{"message":"115/116","percentage":99.13793103448276,"kind":"report"}},"jsonrpc":"2.0"}Content-Length: 107

{"method":"$/progress","params":{"token":"backgroundIndexProgress","value":{"kind":"end"}},"jsonrpc":"2.0"}
<<<
Content-Length: 232

{"jsonrpc":"2.0","id":5,"method":"textDocument/formatting","params":{"textDocument":{"uri":"file:///home/guy/Documents/git/Arduino/Window_button_controller/Window_button_controller.ino"},"options":{"tabSize":2,"insertSpaces":true}}}
>>>
Content-Length: 8506

{"id":5,"result":[{"range":{"start":{"line":12,"character":25},"end":{"line":12,"character":25}},"newText":" "},{"range":{"start":{"line":12,"character":53},"end":{"line":12,"character":53}},"newText":" "},{"range":{"start":{"line":17,"character":23},"end":{"line":18,"character":0}},"newText":" "},{"range":{"start":{"line":18,"character":1},"end":{"line":19,"character":8}},"newText":"\n  "},{"range":{"start":{"line":19,"character":39},"end":{"line":21,"character":8}},"newText":"\n\n  "},{"range":{"start":{"line":21,"character":19},"end":{"line":22,"character":8}},"newText":" "},{"range":{"start":{"line":22,"character":9},"end":{"line":23,"character":16}},"newText":"\n    "},{"range":{"start":{"line":23,"character":35},"end":{"line":24,"character":16}},"newText":"\n    "},{"range":{"start":{"line":24,"character":45},"end":{"line":25,"character":16}},"newText":"\n    "},{"range":{"start":{"line":25,"character":53},"end":{"line":26,"character":8}},"newText":"\n  "},{"range":{"start":{"line":26,"character":9},"end":{"line":27,"character":8}},"newText":" "},{"range":{"start":{"line":27,"character":24},"end":{"line":28,"character":8}},"newText":" "},{"range":{"start":{"line":28,"character":9},"end":{"line":29,"character":16}},"newText":"\n    "},{"range":{"start":{"line":29,"character":35},"end":{"line":30,"character":16}},"newText":"\n    "},{"range":{"start":{"line":30,"character":47},"end":{"line":31,"character":16}},"newText":"\n    "},{"range":{"start":{"line":31,"character":55},"end":{"line":32,"character":8}},"newText":"\n  "},{"range":{"start":{"line":32,"character":9},"end":{"line":33,"character":8}},"newText":" "},{"range":{"start":{"line":33,"character":12},"end":{"line":34,"character":8}},"newText":" "},{"range":{"start":{"line":34,"character":9},"end":{"line":35,"character":16}},"newText":"\n    "},{"range":{"start":{"line":35,"character":35},"end":{"line":36,"character":16}},"newText":"\n    "},{"range":{"start":{"line":36,"character":35},"end":{"line":37,"character":16}},"newText":"\n    "},{"range":{"start":{"line":37,"character":46},"end":{"line":38,"character":16}},"newText":"\n    "},{"range":{"start":{"line":38,"character":55},"end":{"line":39,"character":8}},"newText":"\n  "},{"range":{"start":{"line":41,"character":18},"end":{"line":42,"character":0}},"newText":" "},{"range":{"start":{"line":42,"character":1},"end":{"line":43,"character":8}},"newText":"\n  "},{"range":{"start":{"line":46,"character":10},"end":{"line":48,"character":8}},"newText":"\n\n  "},{"range":{"start":{"line":48,"character":53},"end":{"line":49,"character":8}},"newText":"\n  "},{"range":{"start":{"line":49,"character":57},"end":{"line":51,"character":8}},"newText":"\n\n  "},{"range":{"start":{"line":51,"character":92},"end":{"line":52,"character":8}},"newText":"\n  "},{"range":{"start":{"line":52,"character":9},"end":{"line":53,"character":16}},"newText":"\n    "},{"range":{"start":{"line":53,"character":27},"end":{"line":53,"character":28}},"newText":"  "},{"range":{"start":{"line":53,"character":34},"end":{"line":54,"character":8}},"newText":"\n  "},{"range":{"start":{"line":54,"character":9},"end":{"line":55,"character":8}},"newText":" "},{"range":{"start":{"line":55,"character":39},"end":{"line":56,"character":8}},"newText":" "},{"range":{"start":{"line":56,"character":9},"end":{"line":57,"character":16}},"newText":"\n    "},{"range":{"start":{"line":57,"character":27},"end":{"line":57,"character":28}},"newText":"  "},{"range":{"start":{"line":57,"character":33},"end":{"line":58,"character":8}},"newText":"\n  "},{"range":{"start":{"line":58,"character":9},"end":{"line":59,"character":8}},"newText":" "},{"range":{"start":{"line":59,"character":41},"end":{"line":60,"character":8}},"newText":" "},{"range":{"start":{"line":60,"character":9},"end":{"line":61,"character":16}},"newText":"\n    "},{"range":{"start":{"line":61,"character":27},"end":{"line":61,"character":28}},"newText":"  "},{"range":{"start":{"line":61,"character":35},"end":{"line":62,"character":8}},"newText":"\n  "},{"range":{"start":{"line":64,"character":19},"end":{"line":65,"character":0}},"newText":" "},{"range":{"start":{"line":65,"character":1},"end":{"line":66,"character":8}},"newText":"\n  "},{"range":{"start":{"line":66,"character":51},"end":{"line":67,"character":8}},"newText":"\n  "},{"range":{"start":{"line":67,"character":33},"end":{"line":68,"character":8}},"newText":"\n  "},{"range":{"start":{"line":68,"character":35},"end":{"line":70,"character":8}},"newText":"\n\n  "},{"range":{"start":{"line":70,"character":45},"end":{"line":71,"character":8}},"newText":" "},{"range":{"start":{"line":71,"character":9},"end":{"line":72,"character":16}},"newText":"\n    "},{"range":{"start":{"line":72,"character":53},"end":{"line":73,"character":16}},"newText":"\n    "},{"range":{"start":{"line":73,"character":55},"end":{"line":74,"character":8}},"newText":"\n  "},{"range":{"start":{"line":74,"character":9},"end":{"line":75,"character":8}},"newText":" "},{"range":{"start":{"line":75,"character":94},"end":{"line":76,"character":8}},"newText":" "},{"range":{"start":{"line":76,"character":9},"end":{"line":77,"character":16}},"newText":"\n    "},{"range":{"start":{"line":77,"character":52},"end":{"line":78,"character":16}},"newText":"\n    "},{"range":{"start":{"line":78,"character":55},"end":{"line":79,"character":8}},"newText":"\n  "},{"range":{"start":{"line":79,"character":9},"end":{"line":80,"character":8}},"newText":" "},{"range":{"start":{"line":80,"character":107},"end":{"line":81,"character":8}},"newText":" "},{"range":{"start":{"line":81,"character":9},"end":{"line":82,"character":16}},"newText":"\n    "},{"range":{"start":{"line":82,"character":53},"end":{"line":83,"character":16}},"newText":"\n    "},{"range":{"start":{"line":83,"character":54},"end":{"line":84,"character":8}},"newText":"\n  "},{"range":{"start":{"line":84,"character":9},"end":{"line":85,"character":8}},"newText":" "},{"range":{"start":{"line":85,"character":12},"end":{"line":86,"character":8}},"newText":" "},{"range":{"start":{"line":86,"character":9},"end":{"line":87,"character":16}},"newText":"\n    "},{"range":{"start":{"line":87,"character":38},"end":{"line":88,"character":8}},"newText":"\n  "},{"range":{"start":{"line":90,"character":39},"end":{"line":91,"character":0}},"newText":" "},{"range":{"start":{"line":91,"character":1},"end":{"line":92,"character":8}},"newText":"\n  "},{"range":{"start":{"line":92,"character":21},"end":{"line":93,"character":8}},"newText":" "},{"range":{"start":{"line":93,"character":9},"end":{"line":94,"character":16}},"newText":"\n    "},{"range":{"start":{"line":94,"character":42},"end":{"line":95,"character":16}},"newText":"\n    "},{"range":{"start":{"line":95,"character":46},"end":{"line":96,"character":16}},"newText":"\n    "},{"range":{"start":{"line":96,"character":20},"end":{"line":97,"character":16}},"newText":"\n    "},{"range":{"start":{"line":97,"character":71},"end":{"line":98,"character":16}},"newText":"\n    "},{"range":{"start":{"line":98,"character":70},"end":{"line":99,"character":16}},"newText":"\n    "},{"range":{"start":{"line":99,"character":40},"end":{"line":100,"character":16}},"newText":"\n    "},{"range":{"start":{"line":100,"character":71},"end":{"line":101,"character":16}},"newText":"\n    "},{"range":{"start":{"line":101,"character":40},"end":{"line":102,"character":16}},"newText":"\n    "},{"range":{"start":{"line":102,"character":20},"end":{"line":103,"character":8}},"newText":"\n  "},{"range":{"start":{"line":105,"character":12},"end":{"line":106,"character":0}},"newText":" "},{"range":{"start":{"line":106,"character":1},"end":{"line":107,"character":8}},"newText":"\n  "},{"range":{"start":{"line":107,"character":25},"end":{"line":108,"character":8}},"newText":"\n  "},{"range":{"start":{"line":108,"character":23},"end":{"line":109,"character":8}},"newText":"\n  "},{"range":{"start":{"line":109,"character":37},"end":{"line":110,"character":8}},"newText":"\n  "},{"range":{"start":{"line":110,"character":39},"end":{"line":111,"character":8}},"newText":"\n  "},{"range":{"start":{"line":113,"character":11},"end":{"line":114,"character":0}},"newText":" "},{"range":{"start":{"line":114,"character":1},"end":{"line":115,"character":8}},"newText":"\n  "},{"range":{"start":{"line":115,"character":21},"end":{"line":116,"character":8}},"newText":"\n  "},{"range":{"start":{"line":116,"character":50},"end":{"line":117,"character":8}},"newText":"\n  "}],"jsonrpc":"2.0"}
<<<
Content-Length: 9487

{"jsonrpc":"2.0","method":"textDocument/didChange","params":{"textDocument":{"uri":"file:///home/guy/Documents/git/Arduino/Window_button_controller/Window_button_controller.ino","version":2},"contentChanges":[{"range":{"start":{"line":117,"character":2},"end":{"line":117,"character":8}},"rangeLength":6,"text":""},{"range":{"start":{"line":116,"character":2},"end":{"line":116,"character":8}},"rangeLength":6,"text":""},{"range":{"start":{"line":115,"character":2},"end":{"line":115,"character":8}},"rangeLength":6,"text":""},{"range":{"start":{"line":113,"character":11},"end":{"line":114,"character":0}},"rangeLength":1,"text":" "},{"range":{"start":{"line":111,"character":2},"end":{"line":111,"character":8}},"rangeLength":6,"text":""},{"range":{"start":{"line":110,"character":2},"end":{"line":110,"character":8}},"rangeLength":6,"text":""},{"range":{"start":{"line":109,"character":2},"end":{"line":109,"character":8}},"rangeLength":6,"text":""},{"range":{"start":{"line":108,"character":2},"end":{"line":108,"character":8}},"rangeLength":6,"text":""},{"range":{"start":{"line":107,"character":2},"end":{"line":107,"character":8}},"rangeLength":6,"text":""},{"range":{"start":{"line":105,"character":12},"end":{"line":106,"character":0}},"rangeLength":1,"text":" "},{"range":{"start":{"line":103,"character":2},"end":{"line":103,"character":8}},"rangeLength":6,"text":""},{"range":{"start":{"line":102,"character":4},"end":{"line":102,"character":16}},"rangeLength":12,"text":""},{"range":{"start":{"line":101,"character":4},"end":{"line":101,"character":16}},"rangeLength":12,"text":""},{"range":{"start":{"line":100,"character":4},"end":{"line":100,"character":16}},"rangeLength":12,"text":""},{"range":{"start":{"line":99,"character":4},"end":{"line":99,"character":16}},"rangeLength":12,"text":""},{"range":{"start":{"line":98,"character":4},"end":{"line":98,"character":16}},"rangeLength":12,"text":""},{"range":{"start":{"line":97,"character":4},"end":{"line":97,"character":16}},"rangeLength":12,"text":""},{"range":{"start":{"line":96,"character":4},"end":{"line":96,"character":16}},"rangeLength":12,"text":""},{"range":{"start":{"line":95,"character":4},"end":{"line":95,"character":16}},"rangeLength":12,"text":""},{"range":{"start":{"line":94,"character":4},"end":{"line":94,"character":16}},"rangeLength":12,"text":""},{"range":{"start":{"line":92,"character":21},"end":{"line":93,"character":7}},"rangeLength":8,"text":""},{"range":{"start":{"line":92,"character":2},"end":{"line":92,"character":8}},"rangeLength":6,"text":""},{"range":{"start":{"line":90,"character":39},"end":{"line":91,"character":0}},"rangeLength":1,"text":" "},{"range":{"start":{"line":88,"character":2},"end":{"line":88,"character":8}},"rangeLength":6,"text":""},{"range":{"start":{"line":87,"character":4},"end":{"line":87,"character":16}},"rangeLength":12,"text":""},{"range":{"start":{"line":85,"character":12},"end":{"line":86,"character":7}},"rangeLength":8,"text":""},{"range":{"start":{"line":84,"character":9},"end":{"line":85,"character":7}},"rangeLength":8,"text":""},{"range":{"start":{"line":84,"character":2},"end":{"line":84,"character":8}},"rangeLength":6,"text":""},{"range":{"start":{"line":83,"character":4},"end":{"line":83,"character":16}},"rangeLength":12,"text":""},{"range":{"start":{"line":82,"character":4},"end":{"line":82,"character":16}},"rangeLength":12,"text":""},{"range":{"start":{"line":80,"character":107},"end":{"line":81,"character":7}},"rangeLength":8,"text":""},{"range":{"start":{"line":79,"character":9},"end":{"line":80,"character":7}},"rangeLength":8,"text":""},{"range":{"start":{"line":79,"character":2},"end":{"line":79,"character":8}},"rangeLength":6,"text":""},{"range":{"start":{"line":78,"character":4},"end":{"line":78,"character":16}},"rangeLength":12,"text":""},{"range":{"start":{"line":77,"character":4},"end":{"line":77,"character":16}},"rangeLength":12,"text":""},{"range":{"start":{"line":75,"character":94},"end":{"line":76,"character":7}},"rangeLength":8,"text":""},{"range":{"start":{"line":74,"character":9},"end":{"line":75,"character":7}},"rangeLength":8,"text":""},{"range":{"start":{"line":74,"character":2},"end":{"line":74,"character":8}},"rangeLength":6,"text":""},{"range":{"start":{"line":73,"character":4},"end":{"line":73,"character":16}},"rangeLength":12,"text":""},{"range":{"start":{"line":72,"character":4},"end":{"line":72,"character":16}},"rangeLength":12,"text":""},{"range":{"start":{"line":70,"character":45},"end":{"line":71,"character":7}},"rangeLength":8,"text":""},{"range":{"start":{"line":70,"character":2},"end":{"line":70,"character":8}},"rangeLength":6,"text":""},{"range":{"start":{"line":68,"character":2},"end":{"line":68,"character":8}},"rangeLength":6,"text":""},{"range":{"start":{"line":67,"character":2},"end":{"line":67,"character":8}},"rangeLength":6,"text":""},{"range":{"start":{"line":66,"character":2},"end":{"line":66,"character":8}},"rangeLength":6,"text":""},{"range":{"start":{"line":64,"character":19},"end":{"line":65,"character":0}},"rangeLength":1,"text":" "},{"range":{"start":{"line":62,"character":2},"end":{"line":62,"character":8}},"rangeLength":6,"text":""},{"range":{"start":{"line":61,"character":28},"end":{"line":61,"character":28}},"rangeLength":0,"text":" "},{"range":{"start":{"line":61,"character":4},"end":{"line":61,"character":16}},"rangeLength":12,"text":""},{"range":{"start":{"line":59,"character":41},"end":{"line":60,"character":7}},"rangeLength":8,"text":""},{"range":{"start":{"line":58,"character":9},"end":{"line":59,"character":7}},"rangeLength":8,"text":""},{"range":{"start":{"line":58,"character":2},"end":{"line":58,"character":8}},"rangeLength":6,"text":""},{"range":{"start":{"line":57,"character":28},"end":{"line":57,"character":28}},"rangeLength":0,"text":" "},{"range":{"start":{"line":57,"character":4},"end":{"line":57,"character":16}},"rangeLength":12,"text":""},{"range":{"start":{"line":55,"character":39},"end":{"line":56,"character":7}},"rangeLength":8,"text":""},{"range":{"start":{"line":54,"character":9},"end":{"line":55,"character":7}},"rangeLength":8,"text":""},{"range":{"start":{"line":54,"character":2},"end":{"line":54,"character":8}},"rangeLength":6,"text":""},{"range":{"start":{"line":53,"character":28},"end":{"line":53,"character":28}},"rangeLength":0,"text":" "},{"range":{"start":{"line":53,"character":4},"end":{"line":53,"character":16}},"rangeLength":12,"text":""},{"range":{"start":{"line":52,"character":2},"end":{"line":52,"character":8}},"rangeLength":6,"text":""},{"range":{"start":{"line":51,"character":2},"end":{"line":51,"character":8}},"rangeLength":6,"text":""},{"range":{"start":{"line":49,"character":2},"end":{"line":49,"character":8}},"rangeLength":6,"text":""},{"range":{"start":{"line":48,"character":2},"end":{"line":48,"character":8}},"rangeLength":6,"text":""},{"range":{"start":{"line":43,"character":2},"end":{"line":43,"character":8}},"rangeLength":6,"text":""},{"range":{"start":{"line":41,"character":18},"end":{"line":42,"character":0}},"rangeLength":1,"text":" "},{"range":{"start":{"line":39,"character":2},"end":{"line":39,"character":8}},"rangeLength":6,"text":""},{"range":{"start":{"line":38,"character":4},"end":{"line":38,"character":16}},"rangeLength":12,"text":""},{"range":{"start":{"line":37,"character":4},"end":{"line":37,"character":16}},"rangeLength":12,"text":""},{"range":{"start":{"line":36,"character":4},"end":{"line":36,"character":16}},"rangeLength":12,"text":""},{"range":{"start":{"line":35,"character":4},"end":{"line":35,"character":16}},"rangeLength":12,"text":""},{"range":{"start":{"line":33,"character":12},"end":{"line":34,"character":7}},"rangeLength":8,"text":""},{"range":{"start":{"line":32,"character":9},"end":{"line":33,"character":7}},"rangeLength":8,"text":""},{"range":{"start":{"line":32,"character":2},"end":{"line":32,"character":8}},"rangeLength":6,"text":""},{"range":{"start":{"line":31,"character":4},"end":{"line":31,"character":16}},"rangeLength":12,"text":""},{"range":{"start":{"line":30,"character":4},"end":{"line":30,"character":16}},"rangeLength":12,"text":""},{"range":{"start":{"line":29,"character":4},"end":{"line":29,"character":16}},"rangeLength":12,"text":""},{"range":{"start":{"line":27,"character":24},"end":{"line":28,"character":7}},"rangeLength":8,"text":""},{"range":{"start":{"line":26,"character":9},"end":{"line":27,"character":7}},"rangeLength":8,"text":""},{"range":{"start":{"line":26,"character":2},"end":{"line":26,"character":8}},"rangeLength":6,"text":""},{"range":{"start":{"line":25,"character":4},"end":{"line":25,"character":16}},"rangeLength":12,"text":""},{"range":{"start":{"line":24,"character":4},"end":{"line":24,"character":16}},"rangeLength":12,"text":""},{"range":{"start":{"line":23,"character":4},"end":{"line":23,"character":16}},"rangeLength":12,"text":""},{"range":{"start":{"line":21,"character":19},"end":{"line":22,"character":7}},"rangeLength":8,"text":""},{"range":{"start":{"line":21,"character":2},"end":{"line":21,"character":8}},"rangeLength":6,"text":""},{"range":{"start":{"line":19,"character":2},"end":{"line":19,"character":8}},"rangeLength":6,"text":""},{"range":{"start":{"line":17,"character":23},"end":{"line":18,"character":0}},"rangeLength":1,"text":" "},{"range":{"start":{"line":12,"character":53},"end":{"line":12,"character":53}},"rangeLength":0,"text":" "},{"range":{"start":{"line":12,"character":25},"end":{"line":12,"character":25}},"rangeLength":0,"text":" "}]}}
>>>
Content-Length: 798

{"method":"textDocument/publishDiagnostics","params":{"uri":"file:///home/guy/Documents/git/Arduino/Window_button_controller/Window_button_controller.ino","diagnostics":[{"range":{"start":{"line":1,"character":9},"end":{"line":1,"character":27}},"severity":1,"code":"redefinition_different_typedef","source":"clang","message":"In included file: typedef redefinition with different types ('int' vs '_ssize_t' (aka 'long'))\n\n/home/guy/.arduino15/packages/esp8266/hardware/esp8266/3.0.2/tools/sdk/lwip2/include/lwip/arch.h:202:13:\nnote: error occurred here\n\n/home/guy/.arduino15/packages/esp8266/tools/xtensa-lx106-elf-gcc/3.0.4-gcc10.3-1757bed/bin/../lib/gcc/xtensa-lx106-elf/10.3.0/../../../../xtensa-lx106-elf/include/sys/types.h:185:18:\nnote: previous definition is here"}]},"jsonrpc":"2.0"}
<<<
Content-Length: 190

{"jsonrpc":"2.0","method":"textDocument/didSave","params":{"textDocument":{"uri":"file:///home/guy/Documents/git/Arduino/Window_button_controller/Window_button_controller.ino","version":2}}}
>>>
Content-Length: 116

{"method":"window/workDoneProgress/create","params":{"token":"arduinoLanguageServerRebuild"},"id":1,"jsonrpc":"2.0"}
<<<
Content-Length: 38

{"jsonrpc":"2.0","id":1,"result":null}
>>>
Content-Length: 140

{"method":"$/progress","params":{"token":"arduinoLanguageServerRebuild","value":{"title":"Building sketch","kind":"begin"}},"jsonrpc":"2.0"}Content-Length: 138

{"method":"$/progress","params":{"token":"arduinoLanguageServerRebuild","value":{"message":"compiling.","kind":"report"}},"jsonrpc":"2.0"}Content-Length: 139

{"method":"$/progress","params":{"token":"arduinoLanguageServerRebuild","value":{"message":"compiling..","kind":"report"}},"jsonrpc":"2.0"}Content-Length: 140

{"method":"$/progress","params":{"token":"arduinoLanguageServerRebuild","value":{"message":"compiling...","kind":"report"}},"jsonrpc":"2.0"}Content-Length: 138

{"method":"$/progress","params":{"token":"arduinoLanguageServerRebuild","value":{"message":"compiling.","kind":"report"}},"jsonrpc":"2.0"}Content-Length: 139

{"method":"$/progress","params":{"token":"arduinoLanguageServerRebuild","value":{"message":"compiling..","kind":"report"}},"jsonrpc":"2.0"}Content-Length: 140

{"method":"$/progress","params":{"token":"arduinoLanguageServerRebuild","value":{"message":"compiling...","kind":"report"}},"jsonrpc":"2.0"}Content-Length: 138

{"method":"$/progress","params":{"token":"arduinoLanguageServerRebuild","value":{"message":"compiling.","kind":"report"}},"jsonrpc":"2.0"}Content-Length: 139

{"method":"$/progress","params":{"token":"arduinoLanguageServerRebuild","value":{"message":"compiling..","kind":"report"}},"jsonrpc":"2.0"}Content-Length: 140

{"method":"$/progress","params":{"token":"arduinoLanguageServerRebuild","value":{"message":"compiling...","kind":"report"}},"jsonrpc":"2.0"}Content-Length: 138

{"method":"$/progress","params":{"token":"arduinoLanguageServerRebuild","value":{"message":"compiling.","kind":"report"}},"jsonrpc":"2.0"}Content-Length: 139

{"method":"$/progress","params":{"token":"arduinoLanguageServerRebuild","value":{"message":"compiling..","kind":"report"}},"jsonrpc":"2.0"}Content-Length: 140

{"method":"$/progress","params":{"token":"arduinoLanguageServerRebuild","value":{"message":"compiling...","kind":"report"}},"jsonrpc":"2.0"}Content-Length: 138

{"method":"$/progress","params":{"token":"arduinoLanguageServerRebuild","value":{"message":"compiling.","kind":"report"}},"jsonrpc":"2.0"}Content-Length: 139

{"method":"$/progress","params":{"token":"arduinoLanguageServerRebuild","value":{"message":"compiling..","kind":"report"}},"jsonrpc":"2.0"}Content-Length: 140

{"method":"$/progress","params":{"token":"arduinoLanguageServerRebuild","value":{"message":"compiling...","kind":"report"}},"jsonrpc":"2.0"}Content-Length: 138

{"method":"$/progress","params":{"token":"arduinoLanguageServerRebuild","value":{"message":"compiling.","kind":"report"}},"jsonrpc":"2.0"}Content-Length: 139

{"method":"$/progress","params":{"token":"arduinoLanguageServerRebuild","value":{"message":"compiling..","kind":"report"}},"jsonrpc":"2.0"}
<<<
Content-Length: 232

{"jsonrpc":"2.0","id":6,"method":"textDocument/formatting","params":{"textDocument":{"uri":"file:///home/guy/Documents/git/Arduino/Window_button_controller/Window_button_controller.ino"},"options":{"tabSize":2,"insertSpaces":true}}}
>>>
Content-Length: 140

{"method":"$/progress","params":{"token":"arduinoLanguageServerRebuild","value":{"message":"compiling...","kind":"report"}},"jsonrpc":"2.0"}Content-Length: 138

{"method":"$/progress","params":{"token":"arduinoLanguageServerRebuild","value":{"message":"compiling.","kind":"report"}},"jsonrpc":"2.0"}Content-Length: 139

{"method":"$/progress","params":{"token":"arduinoLanguageServerRebuild","value":{"message":"compiling..","kind":"report"}},"jsonrpc":"2.0"}Content-Length: 140

{"method":"$/progress","params":{"token":"arduinoLanguageServerRebuild","value":{"message":"compiling...","kind":"report"}},"jsonrpc":"2.0"}Content-Length: 138

{"method":"$/progress","params":{"token":"arduinoLanguageServerRebuild","value":{"message":"compiling.","kind":"report"}},"jsonrpc":"2.0"}Content-Length: 139

{"method":"$/progress","params":{"token":"arduinoLanguageServerRebuild","value":{"message":"compiling..","kind":"report"}},"jsonrpc":"2.0"}Content-Length: 140

{"method":"$/progress","params":{"token":"arduinoLanguageServerRebuild","value":{"message":"compiling...","kind":"report"}},"jsonrpc":"2.0"}Content-Length: 138

{"method":"$/progress","params":{"token":"arduinoLanguageServerRebuild","value":{"message":"compiling.","kind":"report"}},"jsonrpc":"2.0"}Content-Length: 139

{"method":"$/progress","params":{"token":"arduinoLanguageServerRebuild","value":{"message":"compiling..","kind":"report"}},"jsonrpc":"2.0"}Content-Length: 140

{"method":"$/progress","params":{"token":"arduinoLanguageServerRebuild","value":{"message":"compiling...","kind":"report"}},"jsonrpc":"2.0"}Content-Length: 138

{"method":"$/progress","params":{"token":"arduinoLanguageServerRebuild","value":{"message":"compiling.","kind":"report"}},"jsonrpc":"2.0"}Content-Length: 139

{"method":"$/progress","params":{"token":"arduinoLanguageServerRebuild","value":{"message":"compiling..","kind":"report"}},"jsonrpc":"2.0"}Content-Length: 140

{"method":"$/progress","params":{"token":"arduinoLanguageServerRebuild","value":{"message":"compiling...","kind":"report"}},"jsonrpc":"2.0"}Content-Length: 138

{"method":"$/progress","params":{"token":"arduinoLanguageServerRebuild","value":{"message":"compiling.","kind":"report"}},"jsonrpc":"2.0"}Content-Length: 139

{"method":"$/progress","params":{"token":"arduinoLanguageServerRebuild","value":{"message":"compiling..","kind":"report"}},"jsonrpc":"2.0"}Content-Length: 140

{"method":"$/progress","params":{"token":"arduinoLanguageServerRebuild","value":{"message":"compiling...","kind":"report"}},"jsonrpc":"2.0"}Content-Length: 138

{"method":"$/progress","params":{"token":"arduinoLanguageServerRebuild","value":{"message":"compiling.","kind":"report"}},"jsonrpc":"2.0"}Content-Length: 139

{"method":"$/progress","params":{"token":"arduinoLanguageServerRebuild","value":{"message":"compiling..","kind":"report"}},"jsonrpc":"2.0"}Content-Length: 129

{"method":"$/progress","params":{"token":"arduinoLanguageServerRebuild","value":{"message":"done","kind":"end"}},"jsonrpc":"2.0"}Content-Length: 36

{"id":6,"result":[],"jsonrpc":"2.0"}Content-Length: 111

{"method":"window/workDoneProgress/create","params":{"token":"backgroundIndexProgress"},"id":2,"jsonrpc":"2.0"}
<<<
Content-Length: 38

{"jsonrpc":"2.0","id":2,"result":null}
>>>
Content-Length: 143

{"method":"$/progress","params":{"token":"backgroundIndexProgress","value":{"title":"indexing","percentage":0,"kind":"begin"}},"jsonrpc":"2.0"}Content-Length: 141

{"method":"$/progress","params":{"token":"backgroundIndexProgress","value":{"message":"0/1","percentage":0,"kind":"report"}},"jsonrpc":"2.0"}Content-Length: 141

{"method":"$/progress","params":{"token":"backgroundIndexProgress","value":{"message":"0/1","percentage":0,"kind":"report"}},"jsonrpc":"2.0"}Content-Length: 107

{"method":"$/progress","params":{"token":"backgroundIndexProgress","value":{"kind":"end"}},"jsonrpc":"2.0"}Content-Length: 798

{"method":"textDocument/publishDiagnostics","params":{"uri":"file:///home/guy/Documents/git/Arduino/Window_button_controller/Window_button_controller.ino","diagnostics":[{"range":{"start":{"line":1,"character":9},"end":{"line":1,"character":27}},"severity":1,"code":"redefinition_different_typedef","source":"clang","message":"In included file: typedef redefinition with different types ('int' vs '_ssize_t' (aka 'long'))\n\n/home/guy/.arduino15/packages/esp8266/hardware/esp8266/3.0.2/tools/sdk/lwip2/include/lwip/arch.h:202:13:\nnote: error occurred here\n\n/home/guy/.arduino15/packages/esp8266/tools/xtensa-lx106-elf-gcc/3.0.4-gcc10.3-1757bed/bin/../lib/gcc/xtensa-lx106-elf/10.3.0/../../../../xtensa-lx106-elf/include/sys/types.h:185:18:\nnote: previous definition is here"}]},"jsonrpc":"2.0"}
<<<
Content-Length: 295

{"jsonrpc":"2.0","id":7,"method":"textDocument/codeAction","params":{"textDocument":{"uri":"file:///home/guy/Documents/git/Arduino/Window_button_controller/Window_button_controller.ino"},"range":{"start":{"line":68,"character":26},"end":{"line":68,"character":26}},"context":{"diagnostics":[]}}}
>>>
Content-Length: 36

{"id":7,"result":[],"jsonrpc":"2.0"}
<<<
Content-Length: 295

{"jsonrpc":"2.0","id":8,"method":"textDocument/codeAction","params":{"textDocument":{"uri":"file:///home/guy/Documents/git/Arduino/Window_button_controller/Window_button_controller.ino"},"range":{"start":{"line":66,"character":42},"end":{"line":66,"character":42}},"context":{"diagnostics":[]}}}
>>>
Content-Length: 36

{"id":8,"result":[],"jsonrpc":"2.0"}
<<<
Content-Length: 58

{"jsonrpc":"2.0","id":9,"method":"shutdown","params":null}
>>>
Content-Length: 38

{"id":9,"result":null,"jsonrpc":"2.0"}
<<<
Content-Length: 47

{"jsonrpc":"2.0","method":"exit","params":null}